2023-04-13T17:24:23+00:00 DEBUG tt4b_product_sync: missing access token for tt4b_product_sync
2023-04-13T17:24:23+00:00 DEBUG tt4b_product_sync: missing access token for tt4b_product_sync
2023-04-13T17:25:29+00:00 DEBUG tt4b_product_sync: missing access token for tt4b_product_sync
2023-04-13T17:27:34+00:00 DEBUG tt4b_product_sync: missing access token for tt4b_product_sync
2023-04-13T17:28:24+00:00 DEBUG tt4b_product_sync: missing access token for tt4b_product_sync
2023-04-13T17:28:30+00:00 DEBUG Tt4b_Pixel_Class::inject_view_content_event: hit injectViewContentEvent
2023-04-13T17:28:30+00:00 DEBUG Tt4b_Pixel_Class::inject_view_content_event: Missing option "access_token"
2023-04-13T17:30:58+00:00 DEBUG tt4b_product_sync: missing access token for tt4b_product_sync
2023-04-13T17:31:15+00:00 DEBUG tt4b_product_sync: missing access token for tt4b_product_sync
2023-04-13T17:47:13+00:00 DEBUG tt4b_product_sync: missing access token for tt4b_product_sync
2023-04-13T17:47:24+00:00 DEBUG tt4b_product_sync: missing access token for tt4b_product_sync
2023-04-13T17:47:36+00:00 DEBUG tt4b_product_sync: missing access token for tt4b_product_sync
2023-04-13T17:48:35+00:00 DEBUG tt4b_product_sync: missing access token for tt4b_product_sync
2023-04-13T17:48:41+00:00 DEBUG Tt4b_Pixel_Class::inject_view_content_event: hit injectViewContentEvent
2023-04-13T17:48:41+00:00 DEBUG Tt4b_Pixel_Class::inject_view_content_event: Missing option "access_token"
2023-04-13T17:49:10+00:00 DEBUG tt4b_product_sync: missing access token for tt4b_product_sync
2023-04-13T17:49:21+00:00 DEBUG tt4b_product_sync: missing access token for tt4b_product_sync
2023-04-13T17:49:31+00:00 DEBUG tt4b_product_sync: missing access token for tt4b_product_sync
2023-04-13T17:51:12+00:00 DEBUG tt4b_product_sync: missing access token for tt4b_product_sync
2023-04-13T17:51:33+00:00 DEBUG tt4b_product_sync: missing access token for tt4b_product_sync
2023-04-13T17:51:42+00:00 DEBUG tt4b_product_sync: missing access token for tt4b_product_sync
2023-04-13T17:52:28+00:00 DEBUG tt4b_product_sync: missing access token for tt4b_product_sync
2023-04-13T17:52:39+00:00 DEBUG tt4b_product_sync: missing access token for tt4b_product_sync
2023-04-13T17:52:52+00:00 DEBUG Tt4b_Pixel_Class::inject_add_to_cart_event: hit injectAddToCartEvent
2023-04-13T17:52:52+00:00 DEBUG Tt4b_Pixel_Class::inject_add_to_cart_event: Missing option "access_token"
